INFO 2012-12-07 10:05:53,465 utils 36817 4506730496 Getting source from: http://www.bbc.co.uk/news/uk-politics-20600442
INFO 2012-12-07 10:05:54,002 utils 36817 4506730496 Got 200 response from http://www.bbc.co.uk/news/uk-politics-20600442
INFO 2012-12-07 10:06:04,190 utils 36817 4506730496 Finished tagging source from: http://www.bbc.co.uk/news/uk-politics-20600442 
INFO 2012-12-07 10:07:33,119 utils 36817 4506730496 Getting source from: http://www.bbc.com/news/
INFO 2012-12-07 10:07:33,506 utils 36817 4506730496 Got 200 response from http://www.bbc.com/news/
INFO 2012-12-07 10:07:35,874 utils 36817 4506730496 Finished tagging source from: http://www.bbc.com/news/ 
INFO 2012-12-07 10:07:59,349 utils 36817 4506730496 Getting source from: http://www.bbc.com/news/entertainment-arts-20622457
INFO 2012-12-07 10:07:59,924 utils 36817 4506730496 Got 200 response from http://www.bbc.com/news/entertainment-arts-20622457
INFO 2012-12-07 10:08:02,155 utils 36817 4506730496 Finished tagging source from: http://www.bbc.com/news/entertainment-arts-20622457 
INFO 2012-12-07 10:10:08,613 utils 36819 4327641088 Getting source from: http://www.bbc.com/news/entertainment-arts-20622457
INFO 2012-12-07 10:10:09,691 utils 36819 4327641088 Got 200 response from http://www.bbc.com/news/entertainment-arts-20622457
INFO 2012-12-07 10:10:15,695 utils 36819 4327641088 Finished tagging source from: http://www.bbc.com/news/entertainment-arts-20622457 
INFO 2012-12-07 10:43:20,160 utils 36819 4327641088 Getting source from: http://cs.helsinki.fi
INFO 2012-12-07 10:43:21,243 utils 36819 4327641088 Got 200 response from http://cs.helsinki.fi
INFO 2012-12-07 10:43:22,017 utils 36819 4327641088 Finished tagging source from: http://cs.helsinki.fi 
INFO 2012-12-07 10:43:26,798 utils 36819 4327641088 Getting source from: http://cs.helsinki.fi/en
INFO 2012-12-07 10:43:26,836 utils 36819 4327641088 Got 200 response from http://cs.helsinki.fi/en
INFO 2012-12-07 10:43:28,269 utils 36819 4327641088 Finished tagging source from: http://cs.helsinki.fi/en 
INFO 2012-12-07 10:44:03,676 utils 36846 4369526784 Getting source from: http://cs.helsinki.fi/en
INFO 2012-12-07 10:44:03,920 utils 36846 4369526784 Got 200 response from http://cs.helsinki.fi/en
INFO 2012-12-07 10:44:10,457 utils 36846 4369526784 Finished tagging source from: http://cs.helsinki.fi/en 
INFO 2012-12-07 10:46:07,856 utils 36846 4369526784 Getting source from: http://vatican.com
INFO 2012-12-07 10:46:11,578 utils 36846 4369526784 Got 200 response from http://vatican.com
INFO 2012-12-07 10:46:12,902 utils 36846 4369526784 Finished tagging source from: http://vatican.com 
INFO 2012-12-07 10:46:13,989 utils 36846 4369526784 Getting source from: http://images/space.gif
ERROR 2012-12-07 10:46:14,064 utils 36846 4369526784 Could not get source from: http://images/space.gif
ERROR 2012-12-07 10:46:14,144 utils 36846 4369526784 Error stack 
 Traceback (most recent call last):
  File "/Users/slinkola/Koulu/lhhc/Slipper/../Slipper/slip/utils.py", line 31, in get_source
    response = urllib2.urlopen(url)
  File "/System/Library/Frameworks/Python.framework/Versions/2.7/lib/python2.7/urllib2.py", line 126, in urlopen
    return _opener.open(url, data, timeout)
  File "/System/Library/Frameworks/Python.framework/Versions/2.7/lib/python2.7/urllib2.py", line 394, in open
    response = self._open(req, data)
  File "/System/Library/Frameworks/Python.framework/Versions/2.7/lib/python2.7/urllib2.py", line 412, in _open
    '_open', req)
  File "/System/Library/Frameworks/Python.framework/Versions/2.7/lib/python2.7/urllib2.py", line 372, in _call_chain
    result = func(*args)
  File "/System/Library/Frameworks/Python.framework/Versions/2.7/lib/python2.7/urllib2.py", line 1199, in http_open
    return self.do_open(httplib.HTTPConnection, req)
  File "/System/Library/Frameworks/Python.framework/Versions/2.7/lib/python2.7/urllib2.py", line 1174, in do_open
    raise URLError(err)
URLError: <urlopen error [Errno 8] nodename nor servname provided, or not known>

INFO 2012-12-07 13:54:14,404 utils 37446 4512444416 Getting source from: http://bbc.co.uk/
INFO 2012-12-07 13:54:15,312 utils 37446 4512444416 Got 200 response from http://bbc.co.uk/
INFO 2012-12-07 13:54:25,432 utils 37446 4512444416 utils.slip has blown, with message: 
 Traceback (most recent call last):
  File "/Users/slinkola/Koulu/lhhc/Slipper/../Slipper/slip/utils.py", line 270, in slip
    freudify_soup(soup)
  File "/Users/slinkola/Koulu/lhhc/Slipper/../Slipper/slip/utils.py", line 244, in freudify_soup
    tagged_text = nltk.pos_tag(tx)
  File "/Users/slinkola/Koulu/lhhc/Slipper/venv/lib/python2.7/site-packages/nltk/tag/__init__.py", line 99, in pos_tag
    tagger = load(_POS_TAGGER)
  File "/Users/slinkola/Koulu/lhhc/Slipper/venv/lib/python2.7/site-packages/nltk/data.py", line 605, in load
    resource_val = pickle.load(_open(resource_url))
ImportError: No module named numpy.core.multiarray

INFO 2012-12-07 14:12:58,840 utils 39629 4318498816 Getting source from: http://www.bbc.co.uk
INFO 2012-12-07 14:12:59,482 utils 39629 4318498816 Got 200 response from http://www.bbc.co.uk
INFO 2012-12-07 14:13:07,672 utils 39629 4318498816 Finished tagging source from: http://www.bbc.co.uk 
